<?xml version="1.0" encoding="UTF-8"?>
<Site BuildName="(empty)"
	BuildStamp="20251111-1759-Experimental"
	Name="nikolaakrap"
	Generator="ctest-3.22.1"
	CompilerName="/usr/bin/aarch64-linux-gnu-g++"
	CompilerVersion="11.4.0"
	OSName="Linux"
	Hostname="nikolaakrap"
	OSRelease="5.15.0-161-generic"
	OSVersion="#171-Ubuntu SMP Sat Oct 11 08:27:25 UTC 2025"
	OSPlatform="aarch64"
	Is64Bits="1"
	VendorString=""
	VendorID="Unknown Manufacturer"
	FamilyID="8"
	ModelID="0"
	ProcessorCacheSize="0"
	NumberOfLogicalCPU="4"
	NumberOfPhysicalCPU="1"
	TotalVirtualMemory="4095"
	TotalPhysicalMemory="7928"
	LogicalProcessorsPerPhysical="4"
	ProcessorClockFrequency="0"
	>
	<Testing>
		<StartDateTime>Nov 11 18:11 UTC</StartDateTime>
		<StartTestTime>1762884691</StartTestTime>
		<TestList/>
		<EndDateTime>Nov 11 18:11 UTC</EndDateTime>
		<EndTestTime>1762884691</EndTestTime>
		<ElapsedMinutes>0</ElapsedMinutes>
	</Testing>
</Site>
